30 avril 2024 @ 10:31 am|cropped-sample-image-31-1.png| 1001|Could not download file.;
30 avril 2024 @ 10:31 am|cropped-sample-image-31.png| 996|Could not download file.;
30 avril 2024 @ 10:31 am|yogendra-singh-kOIODZD_ByQ-unsplash.jpg| 960|Could not download file.;
30 avril 2024 @ 10:32 am|cropped-cropped-sample-image-31.png| 1003|Could not download file.;
30 avril 2024 @ 10:32 am|yogendra-singh-_c56tTiztfA-unsplash.jpg| 959|Could not download file.;
30 avril 2024 @ 10:32 am|sasha-lebedeva-VwGcsgeM-YM-unsplash.jpg| 958|Could not download file.;
30 avril 2024 @ 10:32 am|rudy-issa-7DUSkuGgLyM-unsplash.jpg| 957|Could not download file.;
30 avril 2024 @ 10:32 am|raden-prasetya-CQDkSdPOzYY-unsplash.jpg| 956|Could not download file.;
30 avril 2024 @ 10:32 am|michael-lee-Noqjeq2XJUk-unsplash.jpg| 955|Could not download file.;
30 avril 2024 @ 10:32 am|michael-lee-5Z9bgfRZLLE-unsplash.jpg| 954|Could not download file.;
30 avril 2024 @ 10:32 am|armen-aydinyan-bhJfx7t4QUA-unsplash.jpg| 953|Could not download file.;
30 avril 2024 @ 10:33 am|ussama-azam-5IcEBmSOQq0-unsplash.jpg| 951|Too many inaccessible URLs from the same domain, please check accessibility and try again.;
30 avril 2024 @ 10:33 am|fall-fashion-2021-09-02-03-12-10-utc.jpg| 949|Too many inaccessible URLs from the same domain, please check accessibility and try again.;
30 avril 2024 @ 10:33 am|fashion-2021-09-01-22-38-14-utc.jpg| 940|Too many inaccessible URLs from the same domain, please check accessibility and try again.;
30 avril 2024 @ 10:33 am|woocommerce-placeholder.png| 933|Too many inaccessible URLs from the same domain, please check accessibility and try again.;
30 avril 2024 @ 10:34 am|cropped-fashion-2021-09-01-22-37-14-utc.jpg| 922|Too many inaccessible URLs from the same domain, please check accessibility and try again.;
30 avril 2024 @ 10:34 am|fashion-2021-09-01-22-37-14-utc.jpg| 921|Too many inaccessible URLs from the same domain, please check accessibility and try again.;
30 avril 2024 @ 10:34 am|sample-image-31.png| 856|Too many inaccessible URLs from the same domain, please check accessibility and try again.;
30 avril 2024 @ 10:34 am|sample-image-8.png| 834|Too many inaccessible URLs from the same domain, please check accessibility and try again.;
30 avril 2024 @ 10:34 am|cropped-image_42.jpg| 176|Too many inaccessible URLs from the same domain, please check accessibility and try again.;
30 avril 2024 @ 10:34 am|cropped-image_03.jpg| 175|Too many inaccessible URLs from the same domain, please check accessibility and try again.;
